<?xml version="1.0" encoding="UTF-8"?>
<testng-results total="3" passed="3" failed="0" skipped="0">
  <reporter-output>
  </reporter-output>
  <suite started-at="2021-09-22T05:22:47Z" name="Suite" finished-at="2021-09-22T05:22:58Z" duration-ms="10847">
    <groups>
    </groups>
    <test started-at="2021-09-22T05:22:47Z" name="Test" finished-at="2021-09-22T05:22:58Z" duration-ms="10847">
      <class name="soap.TestRunner">
        <test-method signature="soap()[pri:0, instance:soap.TestRunner@4be29ed9]" started-at="2021-09-22T10:52:56Z" name="soap" finished-at="2021-09-22T10:52:58Z" duration-ms="1929" status="PASS">
          <reporter-output>
          </reporter-output>
        </test-method> <!-- soap -->
      </class> <!-- soap.TestRunner -->
      <class name="rest.TestRunner3">
        <test-method signature="soap()[pri:0, instance:rest.TestRunner3@58cbafc2]" started-at="2021-09-22T10:52:47Z" name="soap" finished-at="2021-09-22T10:52:56Z" duration-ms="8812" status="PASS">
          <reporter-output>
          </reporter-output>
        </test-method> <!-- soap -->
      </class> <!-- rest.TestRunner3 -->
      <class name="soap.TestRunner2">
        <test-method signature="singletest()[pri:0, instance:soap.TestRunner2@3a7442c7]" started-at="2021-09-22T10:52:58Z" name="singletest" finished-at="2021-09-22T10:52:58Z" duration-ms="80" status="PASS">
          <reporter-output>
          </reporter-output>
        </test-method> <!-- singletest -->
      </class> <!-- soap.TestRunner2 -->
    </test> <!-- Test -->
  </suite> <!-- Suite -->
</testng-results>
